{"/Users/bird/Desktop/hexlet/frontend-project-46/index.js": {"path":"/Users/bird/Desktop/hexlet/frontend-project-46/index.js","statementMap":{"0":{"start":{"line":4,"column":16},"end":{"line":4,"column":76}},"1":{"start":{"line":4,"column":34},"end":{"line":4,"column":76}}},"fnMap":{"0":{"name":"(anonymous_0)","decl":{"start":{"line":4,"column":16},"end":{"line":4,"column":17}},"loc":{"start":{"line":4,"column":34},"end":{"line":4,"column":76}},"line":4}},"branchMap":{},"s":{"0":1,"1":1},"f":{"0":1},"b":{},"_coverageSchema":"1a1c01bbd47fc00a2c39e90264f33305004495a9","hash":"a44f80031a2108b96334d1713176ce8d996b5072"}
,"/Users/bird/Desktop/hexlet/frontend-project-46/src/comparison.js": {"path":"/Users/bird/Desktop/hexlet/frontend-project-46/src/comparison.js","statementMap":{"0":{"start":{"line":3,"column":27},"end":{"line":22,"column":1}},"1":{"start":{"line":4,"column":16},"end":{"line":4,"column":34}},"2":{"start":{"line":5,"column":16},"end":{"line":5,"column":34}},"3":{"start":{"line":6,"column":15},"end":{"line":6,"column":36}},"4":{"start":{"line":8,"column":17},"end":{"line":8,"column":19}},"5":{"start":{"line":9,"column":2},"end":{"line":19,"column":3}},"6":{"start":{"line":10,"column":4},"end":{"line":18,"column":5}},"7":{"start":{"line":11,"column":6},"end":{"line":11,"column":28}},"8":{"start":{"line":12,"column":11},"end":{"line":18,"column":5}},"9":{"start":{"line":13,"column":6},"end":{"line":13,"column":30}},"10":{"start":{"line":14,"column":11},"end":{"line":18,"column":5}},"11":{"start":{"line":15,"column":6},"end":{"line":15,"column":30}},"12":{"start":{"line":17,"column":6},"end":{"line":17,"column":32}},"13":{"start":{"line":21,"column":2},"end":{"line":21,"column":16}},"14":{"start":{"line":24,"column":21},"end":{"line":46,"column":1}},"15":{"start":{"line":25,"column":24},"end":{"line":25,"column":56}},"16":{"start":{"line":26,"column":18},"end":{"line":26,"column":54}},"17":{"start":{"line":28,"column":15},"end":{"line":28,"column":20}},"18":{"start":{"line":30,"column":2},"end":{"line":41,"column":3}},"19":{"start":{"line":31,"column":4},"end":{"line":40,"column":5}},"20":{"start":{"line":32,"column":6},"end":{"line":32,"column":54}},"21":{"start":{"line":33,"column":11},"end":{"line":40,"column":5}},"22":{"start":{"line":34,"column":6},"end":{"line":34,"column":54}},"23":{"start":{"line":35,"column":11},"end":{"line":40,"column":5}},"24":{"start":{"line":36,"column":6},"end":{"line":36,"column":54}},"25":{"start":{"line":38,"column":6},"end":{"line":38,"column":54}},"26":{"start":{"line":39,"column":6},"end":{"line":39,"column":54}},"27":{"start":{"line":43,"column":2},"end":{"line":43,"column":24}},"28":{"start":{"line":45,"column":2},"end":{"line":45,"column":16}}},"fnMap":{"0":{"name":"(anonymous_0)","decl":{"start":{"line":3,"column":27},"end":{"line":3,"column":28}},"loc":{"start":{"line":3,"column":45},"end":{"line":22,"column":1}},"line":3},"1":{"name":"(anonymous_1)","decl":{"start":{"line":24,"column":21},"end":{"line":24,"column":22}},"loc":{"start":{"line":24,"column":39},"end":{"line":46,"column":1}},"line":24}},"branchMap":{"0":{"loc":{"start":{"line":10,"column":4},"end":{"line":18,"column":5}},"type":"if","locations":[{"start":{"line":10,"column":4},"end":{"line":18,"column":5}},{"start":{"line":12,"column":11},"end":{"line":18,"column":5}}],"line":10},"1":{"loc":{"start":{"line":12,"column":11},"end":{"line":18,"column":5}},"type":"if","locations":[{"start":{"line":12,"column":11},"end":{"line":18,"column":5}},{"start":{"line":14,"column":11},"end":{"line":18,"column":5}}],"line":12},"2":{"loc":{"start":{"line":14,"column":11},"end":{"line":18,"column":5}},"type":"if","locations":[{"start":{"line":14,"column":11},"end":{"line":18,"column":5}},{"start":{"line":16,"column":11},"end":{"line":18,"column":5}}],"line":14},"3":{"loc":{"start":{"line":31,"column":4},"end":{"line":40,"column":5}},"type":"if","locations":[{"start":{"line":31,"column":4},"end":{"line":40,"column":5}},{"start":{"line":33,"column":11},"end":{"line":40,"column":5}}],"line":31},"4":{"loc":{"start":{"line":33,"column":11},"end":{"line":40,"column":5}},"type":"if","locations":[{"start":{"line":33,"column":11},"end":{"line":40,"column":5}},{"start":{"line":35,"column":11},"end":{"line":40,"column":5}}],"line":33},"5":{"loc":{"start":{"line":35,"column":11},"end":{"line":40,"column":5}},"type":"if","locations":[{"start":{"line":35,"column":11},"end":{"line":40,"column":5}},{"start":{"line":37,"column":11},"end":{"line":40,"column":5}}],"line":35}},"s":{"0":1,"1":1,"2":1,"3":1,"4":1,"5":1,"6":5,"7":1,"8":4,"9":2,"10":2,"11":1,"12":1,"13":1,"14":1,"15":1,"16":1,"17":1,"18":1,"19":5,"20":1,"21":4,"22":2,"23":2,"24":1,"25":1,"26":1,"27":1,"28":1},"f":{"0":1,"1":1},"b":{"0":[1,4],"1":[2,2],"2":[1,1],"3":[1,4],"4":[2,2],"5":[1,1]},"_coverageSchema":"1a1c01bbd47fc00a2c39e90264f33305004495a9","hash":"19af6a80dcd1602b21678eeb29c09ba0e715a1ed"}
,"/Users/bird/Desktop/hexlet/frontend-project-46/src/config.js": {"path":"/Users/bird/Desktop/hexlet/frontend-project-46/src/config.js","statementMap":{"0":{"start":{"line":4,"column":17},"end":{"line":8,"column":1}},"1":{"start":{"line":5,"column":19},"end":{"line":5,"column":56}},"2":{"start":{"line":6,"column":15},"end":{"line":6,"column":48}},"3":{"start":{"line":7,"column":2},"end":{"line":7,"column":14}},"4":{"start":{"line":10,"column":26},"end":{"line":14,"column":1}},"5":{"start":{"line":11,"column":19},"end":{"line":11,"column":38}},"6":{"start":{"line":12,"column":24},"end":{"line":12,"column":67}},"7":{"start":{"line":13,"column":2},"end":{"line":13,"column":23}},"8":{"start":{"line":16,"column":15},"end":{"line":21,"column":1}},"9":{"start":{"line":17,"column":2},"end":{"line":19,"column":3}},"10":{"start":{"line":18,"column":17},"end":{"line":18,"column":47}},"11":{"start":{"line":20,"column":2},"end":{"line":20,"column":16}}},"fnMap":{"0":{"name":"(anonymous_0)","decl":{"start":{"line":4,"column":17},"end":{"line":4,"column":18}},"loc":{"start":{"line":4,"column":31},"end":{"line":8,"column":1}},"line":4},"1":{"name":"(anonymous_1)","decl":{"start":{"line":10,"column":26},"end":{"line":10,"column":27}},"loc":{"start":{"line":10,"column":40},"end":{"line":14,"column":1}},"line":10},"2":{"name":"(anonymous_2)","decl":{"start":{"line":16,"column":15},"end":{"line":16,"column":16}},"loc":{"start":{"line":16,"column":29},"end":{"line":21,"column":1}},"line":16}},"branchMap":{"0":{"loc":{"start":{"line":17,"column":2},"end":{"line":19,"column":3}},"type":"if","locations":[{"start":{"line":17,"column":2},"end":{"line":19,"column":3}},{"start":{},"end":{}}],"line":17}},"s":{"0":1,"1":2,"2":2,"3":2,"4":1,"5":2,"6":2,"7":2,"8":1,"9":2,"10":2,"11":2},"f":{"0":2,"1":2,"2":2},"b":{"0":[2,0]},"_coverageSchema":"1a1c01bbd47fc00a2c39e90264f33305004495a9","hash":"3ccfacb14f62bbbdf0c0e43dc6985b245107ec1d"}
}
