TN:
SF:index.js
FN:4,(anonymous_0)
FNF:1
FNH:1
FNDA:1,(anonymous_0)
DA:4,1
LF:1
LH:1
BRF:0
BRH:0
end_of_record
TN:
SF:src/comparison.js
FN:3,(anonymous_0)
FN:24,(anonymous_1)
FNF:2
FNH:2
FNDA:1,(anonymous_0)
FNDA:1,(anonymous_1)
DA:3,1
DA:4,1
DA:5,1
DA:6,1
DA:8,1
DA:9,1
DA:10,5
DA:11,1
DA:12,4
DA:13,2
DA:14,2
DA:15,1
DA:17,1
DA:21,1
DA:24,1
DA:25,1
DA:26,1
DA:28,1
DA:30,1
DA:31,5
DA:32,1
DA:33,4
DA:34,2
DA:35,2
DA:36,1
DA:38,1
DA:39,1
DA:43,1
DA:45,1
LF:29
LH:29
BRDA:10,0,0,1
BRDA:10,0,1,4
BRDA:12,1,0,2
BRDA:12,1,1,2
BRDA:14,2,0,1
BRDA:14,2,1,1
BRDA:31,3,0,1
BRDA:31,3,1,4
BRDA:33,4,0,2
BRDA:33,4,1,2
BRDA:35,5,0,1
BRDA:35,5,1,1
BRF:12
BRH:12
end_of_record
TN:
SF:src/config.js
FN:4,(anonymous_0)
FN:10,(anonymous_1)
FN:16,(anonymous_2)
FNF:3
FNH:3
FNDA:2,(anonymous_0)
FNDA:2,(anonymous_1)
FNDA:2,(anonymous_2)
DA:4,1
DA:5,2
DA:6,2
DA:7,2
DA:10,1
DA:11,2
DA:12,2
DA:13,2
DA:16,1
DA:17,2
DA:18,2
DA:20,2
LF:12
LH:12
BRDA:17,0,0,2
BRDA:17,0,1,0
BRF:2
BRH:1
end_of_record
